Using pre-set license
Built from '2020.3/staging' branch; Version is '2020.3.19f1 (68f137dc9bbe) revision 6877495'; Using compiler version '192528614'; Build Type 'Release'
OS: 'Windows 10 Enterprise; OS build 18363.1734; Version 1909; 64bit' Language: 'en' Physical Memory: 14269 MB
BatchMode: 1, IsHumanControllingUs: 0, StartBugReporterOnCrash: 0, Is64bit: 1, IsPro: 0

COMMAND LINE ARGUMENTS:
C:\Program Files\Unity\Hub\Editor\2020.3.19f1\Editor\Unity.exe
-adb2
-batchMode
-noUpm
-name
AssetImportWorker0
-projectPath
C:/Users/TwedenAaron/Downloads/Mov_5_GraphicEngineUpdate
-logFile
Logs/AssetImportWorker0.log
-srvPort
58221
Successfully changed project path to: C:/Users/TwedenAaron/Downloads/Mov_5_GraphicEngineUpdate
C:/Users/TwedenAaron/Downloads/Mov_5_GraphicEngineUpdate
Using Asset Import Pipeline V2.
Refreshing native plugins compatible for Editor in 77.26 ms, found 2 plugins.
Preloading 0 native plugins for Editor in 0.00 ms.
Initialize engine version: 2020.3.19f1 (68f137dc9bbe)
[Subsystems] Discovering subsystems at path C:/Program Files/Unity/Hub/Editor/2020.3.19f1/Editor/Data/Resources/UnitySubsystems
[Subsystems] Discovering subsystems at path C:/Users/TwedenAaron/Downloads/Mov_5_GraphicEngineUpdate/Assets
GfxDevice: creating device client; threaded=0
Direct3D:
    Version:  Direct3D 11.0 [level 11.1]
    Renderer: AMD Radeon(TM) Vega 8 Graphics (ID=0x15d8)
    Vendor:   
    VRAM:     7134 MB
    Driver:   27.20.14534.1003
Initialize mono
Mono path[0] = 'C:/Program Files/Unity/Hub/Editor/2020.3.19f1/Editor/Data/Managed'
Mono path[1] = 'C:/Program Files/Unity/Hub/Editor/2020.3.19f1/Editor/Data/MonoBleedingEdge/lib/mono/unityjit'
Mono config path = 'C:/Program Files/Unity/Hub/Editor/2020.3.19f1/Editor/Data/MonoBleedingEdge/etc'
Using monoOptions --debugger-agent=transport=dt_socket,embedding=1,server=y,suspend=n,address=127.0.0.1:56644
Begin MonoManager ReloadAssembly
Registering precompiled unity dll's ...
Register platform support module: C:/Program Files/Unity/Hub/Editor/2020.3.19f1/Editor/Data/PlaybackEngines/WindowsStandaloneSupport/UnityEditor.WindowsStandalone.Extensions.dll
Registered in 0.003075 seconds.
Native extension for WindowsStandalone target not found
Refreshing native plugins compatible for Editor in 71.94 ms, found 2 plugins.
Preloading 0 native plugins for Editor in 0.00 ms.
Mono: successfully reloaded assembly
- Completed reload, in  1.698 seconds
Domain Reload Profiling:
	ReloadAssembly (1699ms)
		BeginReloadAssembly (98ms)
			ExecutionOrderSort (0ms)
			DisableScriptedObjects (0ms)
			BackupInstance (0ms)
			ReleaseScriptingObjects (0ms)
			CreateAndSetChildDomain (1ms)
		EndReloadAssembly (653ms)
			LoadAssemblies (94ms)
			RebuildTransferFunctionScriptingTraits (0ms)
			SetupTypeCache (219ms)
			ReleaseScriptCaches (0ms)
			RebuildScriptCaches (43ms)
			SetupLoadedEditorAssemblies (282ms)
				LogAssemblyErrors (0ms)
				InitializePlatformSupportModulesInManaged (7ms)
				SetLoadedEditorAssemblies (0ms)
				RefreshPlugins (72ms)
				BeforeProcessingInitializeOnLoad (25ms)
				ProcessInitializeOnLoadAttributes (135ms)
				ProcessInitializeOnLoadMethodAttributes (43ms)
				AfterProcessingInitializeOnLoad (0ms)
				EditorAssembliesLoaded (0ms)
			ExecutionOrderSort2 (0ms)
			AwakeInstancesAfterBackupRestoration (0ms)
Platform modules already initialized, skipping
Registering precompiled user dll's ...
Registered in 0.005550 seconds.
Begin MonoManager ReloadAssembly
Native extension for WindowsStandalone target not found
Refreshing native plugins compatible for Editor in 77.94 ms, found 2 plugins.
Preloading 0 native plugins for Editor in 0.00 ms.
Mono: successfully reloaded assembly
- Completed reload, in  1.834 seconds
Domain Reload Profiling:
	ReloadAssembly (1836ms)
		BeginReloadAssembly (216ms)
			ExecutionOrderSort (0ms)
			DisableScriptedObjects (6ms)
			BackupInstance (0ms)
			ReleaseScriptingObjects (0ms)
			CreateAndSetChildDomain (29ms)
		EndReloadAssembly (1517ms)
			LoadAssemblies (140ms)
			RebuildTransferFunctionScriptingTraits (0ms)
			SetupTypeCache (508ms)
			ReleaseScriptCaches (1ms)
			RebuildScriptCaches (69ms)
			SetupLoadedEditorAssemblies (596ms)
				LogAssemblyErrors (0ms)
				InitializePlatformSupportModulesInManaged (6ms)
				SetLoadedEditorAssemblies (0ms)
				RefreshPlugins (78ms)
				BeforeProcessingInitializeOnLoad (145ms)
				ProcessInitializeOnLoadAttributes (344ms)
				ProcessInitializeOnLoadMethodAttributes (8ms)
				AfterProcessingInitializeOnLoad (13ms)
				EditorAssembliesLoaded (0ms)
			ExecutionOrderSort2 (0ms)
			AwakeInstancesAfterBackupRestoration (12ms)
Platform modules already initialized, skipping
========================================================================
Worker process is ready to serve import requests
Launched and connected shader compiler UnityShaderCompiler.exe after 0.10 seconds
Refreshing native plugins compatible for Editor in 1.00 ms, found 2 plugins.
Preloading 0 native plugins for Editor in 0.00 ms.
Unloading 2705 Unused Serialized files (Serialized files now loaded: 0)
System memory in use before: 122.7 MB.
System memory in use after: 122.9 MB.

Unloading 17 unused Assets to reduce memory usage. Loaded Objects now: 3140.
Total: 5.675600 ms (FindLiveObjects: 0.427900 ms CreateObjectMapping: 0.139500 ms MarkObjects: 4.984800 ms  DeleteObjects: 0.121800 ms)

AssetImportParameters requested are different than current active one (requested -> active):
  custom:framework-win-MediaFoundation: 216162199b28c13a410421893ffa2e32 -> 
  custom:video-decoder-ogg-theora: a1e56fd34408186e4bbccfd4996cb3dc -> 
  custom:container-muxer-webm: aa71ff27fc2769a1b78a27578f13a17b -> 
  custom:container-demuxer-webm: 4f35f7cbe854078d1ac9338744f61a02 -> 
  custom:container-demuxer-ogg: 62fdf1f143b41e24485cea50d1cbac27 -> 
  custom:video-encoder-webm-vp8: eb34c28f22e8b96e1ab97ce403110664 -> 
  custom:video-decoder-webm-vp8: 9c59270c3fd7afecdb556c50c9e8de78 -> 
  custom:audio-decoder-ogg-vorbis: bf7c407c2cedff20999df2af8eb42d56 -> 
  custom:audio-encoder-webm-vorbis: bf7c407c2cedff20999df2af8eb42d56 -> 
========================================================================
Received Import Request.
  path: Assets/UniversalRenderPipelineAsset.asset
  artifactKey: Guid(73ff679a2a442af41b0b8ebd5f6dcd17) Importer(815301076,1909f56bfc062723c751e8b465ee728b)
Start importing Assets/UniversalRenderPipelineAsset.asset using Guid(73ff679a2a442af41b0b8ebd5f6dcd17) Importer(815301076,1909f56bfc062723c751e8b465ee728b)  -> (artifact id: '3aa48cb3f81cb427728ec7196046e411') in 0.055648 seconds 
  Import took 0.063048 seconds .

========================================================================
Received Import Request.
  Time since last request: 0.000345 seconds.
  path: Assets/UniversalRenderPipelineAsset_Renderer.asset
  artifactKey: Guid(17fcbc66a779d4e43937c4651b47d6ef) Importer(815301076,1909f56bfc062723c751e8b465ee728b)
Start importing Assets/UniversalRenderPipelineAsset_Renderer.asset using Guid(17fcbc66a779d4e43937c4651b47d6ef) Importer(815301076,1909f56bfc062723c751e8b465ee728b)  -> (artifact id: '2c4aebc3330ad605bb5d5944505c2f78') in 0.019974 seconds 
  Import took 0.028554 seconds .

========================================================================
Received Prepare
Registering precompiled user dll's ...
Registered in 0.005360 seconds.
Begin MonoManager ReloadAssembly
Native extension for WindowsStandalone target not found
Refreshing native plugins compatible for Editor in 0.72 ms, found 2 plugins.
Preloading 0 native plugins for Editor in 0.00 ms.
Mono: successfully reloaded assembly
- Completed reload, in  1.421 seconds
Domain Reload Profiling:
	ReloadAssembly (1422ms)
		BeginReloadAssembly (154ms)
			ExecutionOrderSort (0ms)
			DisableScriptedObjects (7ms)
			BackupInstance (0ms)
			ReleaseScriptingObjects (0ms)
			CreateAndSetChildDomain (54ms)
		EndReloadAssembly (1174ms)
			LoadAssemblies (122ms)
			RebuildTransferFunctionScriptingTraits (0ms)
			SetupTypeCache (425ms)
			ReleaseScriptCaches (2ms)
			RebuildScriptCaches (56ms)
			SetupLoadedEditorAssemblies (407ms)
				LogAssemblyErrors (0ms)
				InitializePlatformSupportModulesInManaged (6ms)
				SetLoadedEditorAssemblies (1ms)
				RefreshPlugins (1ms)
				BeforeProcessingInitializeOnLoad (112ms)
				ProcessInitializeOnLoadAttributes (271ms)
				ProcessInitializeOnLoadMethodAttributes (6ms)
				AfterProcessingInitializeOnLoad (10ms)
				EditorAssembliesLoaded (0ms)
			ExecutionOrderSort2 (0ms)
			AwakeInstancesAfterBackupRestoration (15ms)
Platform modules already initialized, skipping
Refreshing native plugins compatible for Editor in 0.70 ms, found 2 plugins.
Preloading 0 native plugins for Editor in 0.00 ms.
Unloading 2616 Unused Serialized files (Serialized files now loaded: 0)
System memory in use before: 117.3 MB.
System memory in use after: 117.0 MB.

Unloading 16 unused Assets to reduce memory usage. Loaded Objects now: 3159.
Total: 5.836200 ms (FindLiveObjects: 0.438600 ms CreateObjectMapping: 0.142600 ms MarkObjects: 4.860800 ms  DeleteObjects: 0.392700 ms)

AssetImportParameters requested are different than current active one (requested -> active):
  custom:framework-win-MediaFoundation: 216162199b28c13a410421893ffa2e32 -> 
  custom:video-decoder-ogg-theora: a1e56fd34408186e4bbccfd4996cb3dc -> 
  custom:container-muxer-webm: aa71ff27fc2769a1b78a27578f13a17b -> 
  custom:container-demuxer-webm: 4f35f7cbe854078d1ac9338744f61a02 -> 
  custom:container-demuxer-ogg: 62fdf1f143b41e24485cea50d1cbac27 -> 
  custom:video-encoder-webm-vp8: eb34c28f22e8b96e1ab97ce403110664 -> 
  custom:video-decoder-webm-vp8: 9c59270c3fd7afecdb556c50c9e8de78 -> 
  custom:audio-decoder-ogg-vorbis: bf7c407c2cedff20999df2af8eb42d56 -> 
  custom:audio-encoder-webm-vorbis: bf7c407c2cedff20999df2af8eb42d56 -> 
========================================================================
Received Import Request.
  Time since last request: 251.705665 seconds.
  path: Assets/Scripts
  artifactKey: Guid(a3596ba24731c374d895a52ba973e8df) Importer(815301076,1909f56bfc062723c751e8b465ee728b)
Start importing Assets/Scripts using Guid(a3596ba24731c374d895a52ba973e8df) Importer(815301076,1909f56bfc062723c751e8b465ee728b)  -> (artifact id: '9c4976d5768ec5540da96700dd15e820') in 0.029465 seconds 
  Import took 0.037103 seconds .

========================================================================
Received Import Request.
  Time since last request: 3.011983 seconds.
  path: Assets/Scripts/BodyGeneration.cs
  artifactKey: Guid(1f1d6bc05727df6448987372682c7bb6) Importer(815301076,1909f56bfc062723c751e8b465ee728b)
Start importing Assets/Scripts/BodyGeneration.cs using Guid(1f1d6bc05727df6448987372682c7bb6) Importer(815301076,1909f56bfc062723c751e8b465ee728b)  -> (artifact id: '5a687c3854b763cd8aab7ca80a106b8c') in 0.022309 seconds 
  Import took 0.030356 seconds .

========================================================================
Received Import Request.
  Time since last request: 21.692478 seconds.
  path: Assets/Scenes
  artifactKey: Guid(98be54b03a745bd4ea59ea9aba858869) Importer(815301076,1909f56bfc062723c751e8b465ee728b)
Start importing Assets/Scenes using Guid(98be54b03a745bd4ea59ea9aba858869) Importer(815301076,1909f56bfc062723c751e8b465ee728b)  -> (artifact id: 'd103aa8e7037fc89310ce5e7e01eb5c4') in 0.014009 seconds 
  Import took 0.021137 seconds .

========================================================================
Received Import Request.
  Time since last request: 1.256369 seconds.
  path: Assets/Scenes/TerrainGenerationDemo.unity
  artifactKey: Guid(400b448f0c4cb7843915fae21ff3e5ff) Importer(815301076,1909f56bfc062723c751e8b465ee728b)
Start importing Assets/Scenes/TerrainGenerationDemo.unity using Guid(400b448f0c4cb7843915fae21ff3e5ff) Importer(815301076,1909f56bfc062723c751e8b465ee728b)  -> (artifact id: 'be48290ec2267e3616f498d8f9459393') in 0.023177 seconds 
  Import took 0.030139 seconds .

========================================================================
Received Prepare
Registering precompiled user dll's ...
Registered in 0.009246 seconds.
Begin MonoManager ReloadAssembly
Native extension for WindowsStandalone target not found
Refreshing native plugins compatible for Editor in 0.84 ms, found 2 plugins.
Preloading 0 native plugins for Editor in 0.00 ms.
Mono: successfully reloaded assembly
- Completed reload, in  2.163 seconds
Domain Reload Profiling:
	ReloadAssembly (2164ms)
		BeginReloadAssembly (190ms)
			ExecutionOrderSort (0ms)
			DisableScriptedObjects (9ms)
			BackupInstance (0ms)
			ReleaseScriptingObjects (0ms)
			CreateAndSetChildDomain (59ms)
		EndReloadAssembly (1826ms)
			LoadAssemblies (190ms)
			RebuildTransferFunctionScriptingTraits (0ms)
			SetupTypeCache (660ms)
			ReleaseScriptCaches (2ms)
			RebuildScriptCaches (90ms)
			SetupLoadedEditorAssemblies (646ms)
				LogAssemblyErrors (0ms)
				InitializePlatformSupportModulesInManaged (9ms)
				SetLoadedEditorAssemblies (1ms)
				RefreshPlugins (1ms)
				BeforeProcessingInitializeOnLoad (173ms)
				ProcessInitializeOnLoadAttributes (437ms)
				ProcessInitializeOnLoadMethodAttributes (9ms)
				AfterProcessingInitializeOnLoad (16ms)
				EditorAssembliesLoaded (1ms)
			ExecutionOrderSort2 (0ms)
			AwakeInstancesAfterBackupRestoration (26ms)
Platform modules already initialized, skipping
Refreshing native plugins compatible for Editor in 1.20 ms, found 2 plugins.
Preloading 0 native plugins for Editor in 0.00 ms.
Unloading 2614 Unused Serialized files (Serialized files now loaded: 0)
System memory in use before: 117.4 MB.
System memory in use after: 117.0 MB.

Unloading 16 unused Assets to reduce memory usage. Loaded Objects now: 3161.
Total: 8.544400 ms (FindLiveObjects: 0.722500 ms CreateObjectMapping: 0.450100 ms MarkObjects: 6.646000 ms  DeleteObjects: 0.722600 ms)

AssetImportParameters requested are different than current active one (requested -> active):
  custom:framework-win-MediaFoundation: 216162199b28c13a410421893ffa2e32 -> 
  custom:video-decoder-ogg-theora: a1e56fd34408186e4bbccfd4996cb3dc -> 
  custom:container-muxer-webm: aa71ff27fc2769a1b78a27578f13a17b -> 
  custom:container-demuxer-webm: 4f35f7cbe854078d1ac9338744f61a02 -> 
  custom:container-demuxer-ogg: 62fdf1f143b41e24485cea50d1cbac27 -> 
  custom:video-encoder-webm-vp8: eb34c28f22e8b96e1ab97ce403110664 -> 
  custom:video-decoder-webm-vp8: 9c59270c3fd7afecdb556c50c9e8de78 -> 
  custom:audio-decoder-ogg-vorbis: bf7c407c2cedff20999df2af8eb42d56 -> 
  custom:audio-encoder-webm-vorbis: bf7c407c2cedff20999df2af8eb42d56 -> 
========================================================================
Received Import Request.
  Time since last request: 30.220388 seconds.
  path: Assets/Materials/color 1.mat
  artifactKey: Guid(a190c4e69c11d5d4eb4e1dcaa2cb8207) Importer(815301076,1909f56bfc062723c751e8b465ee728b)
Start importing Assets/Materials/color 1.mat using Guid(a190c4e69c11d5d4eb4e1dcaa2cb8207) Importer(815301076,1909f56bfc062723c751e8b465ee728b)  -> (artifact id: 'd41ad60e8ad70a8e0075a5b713e1a689') in 0.887897 seconds 
  Import took 0.895318 seconds .

========================================================================
Received Import Request.
  Time since last request: 0.000320 seconds.
  path: Assets/Materials/Path.mat
  artifactKey: Guid(0a7447dab41d0964c83640be55e6cb13) Importer(815301076,1909f56bfc062723c751e8b465ee728b)
Start importing Assets/Materials/Path.mat using Guid(0a7447dab41d0964c83640be55e6cb13) Importer(815301076,1909f56bfc062723c751e8b465ee728b)  -> (artifact id: 'a973f5f88765f0170af4a1aa041be4bb') in 0.037308 seconds 
  Import took 0.043622 seconds .

========================================================================
Received Import Request.
  Time since last request: 0.000262 seconds.
  path: Assets/Materials/GroundType_Dirt.mat
  artifactKey: Guid(1fbfcb1d243505843a001936fd194868) Importer(815301076,1909f56bfc062723c751e8b465ee728b)
Start importing Assets/Materials/GroundType_Dirt.mat using Guid(1fbfcb1d243505843a001936fd194868) Importer(815301076,1909f56bfc062723c751e8b465ee728b)  -> (artifact id: '09e38484bb41112747b8f17871baeba7') in 0.435840 seconds 
  Import took 0.442271 seconds .

========================================================================
Received Import Request.
  Time since last request: 0.000264 seconds.
  path: Assets/Materials/Sprite.mat
  artifactKey: Guid(107eba2c59f86684d81010330ab51b3c) Importer(815301076,1909f56bfc062723c751e8b465ee728b)
Start importing Assets/Materials/Sprite.mat using Guid(107eba2c59f86684d81010330ab51b3c) Importer(815301076,1909f56bfc062723c751e8b465ee728b)  -> (artifact id: '0dafc1dfd7af89c36b811deb1505c08a') in 0.082585 seconds 
  Import took 0.088992 seconds .

========================================================================
Received Import Request.
  Time since last request: 0.000310 seconds.
  path: Assets/Materials/color.mat
  artifactKey: Guid(9394f05814a2b6446b6c4a8be7912736) Importer(815301076,1909f56bfc062723c751e8b465ee728b)
Start importing Assets/Materials/color.mat using Guid(9394f05814a2b6446b6c4a8be7912736) Importer(815301076,1909f56bfc062723c751e8b465ee728b)  -> (artifact id: '5560e82d1175d12567c69807c2916861') in 0.031680 seconds 
  Import took 0.038763 seconds .

========================================================================
Received Import Request.
  Time since last request: 0.000311 seconds.
  path: Assets/Materials/Sprite_Player.mat
  artifactKey: Guid(d1f6a918262dae74ab09187876d4ada2) Importer(815301076,1909f56bfc062723c751e8b465ee728b)
Start importing Assets/Materials/Sprite_Player.mat using Guid(d1f6a918262dae74ab09187876d4ada2) Importer(815301076,1909f56bfc062723c751e8b465ee728b)  -> (artifact id: '05126389648281d8a90e750721af64ff') in 0.031697 seconds 
  Import took 0.038761 seconds .

========================================================================
Received Import Request.
  Time since last request: 0.000334 seconds.
  path: Assets/Materials/Grass.mat
  artifactKey: Guid(148ab50de88db6c41b6870004f874126) Importer(815301076,1909f56bfc062723c751e8b465ee728b)
Start importing Assets/Materials/Grass.mat using Guid(148ab50de88db6c41b6870004f874126) Importer(815301076,1909f56bfc062723c751e8b465ee728b)  -> (artifact id: '1a797c327793da0cb83d6cff69de99cb') in 0.025515 seconds 
  Import took 0.033180 seconds .

========================================================================
Received Import Request.
  Time since last request: 0.000269 seconds.
  path: Assets/Materials/Sprite_Grave.mat
  artifactKey: Guid(1b6bab0ddeb9ab944905f845e4372a5c) Importer(815301076,1909f56bfc062723c751e8b465ee728b)
Start importing Assets/Materials/Sprite_Grave.mat using Guid(1b6bab0ddeb9ab944905f845e4372a5c) Importer(815301076,1909f56bfc062723c751e8b465ee728b)  -> (artifact id: '8404800232747dcfa6190e0e04513c92') in 0.026331 seconds 
  Import took 0.033923 seconds .

========================================================================
Received Import Request.
  Time since last request: 0.000490 seconds.
  path: Assets/Materials/Dig_particle.mat
  artifactKey: Guid(3082ee01b5e72744690badf87708ed71) Importer(815301076,1909f56bfc062723c751e8b465ee728b)
Start importing Assets/Materials/Dig_particle.mat using Guid(3082ee01b5e72744690badf87708ed71) Importer(815301076,1909f56bfc062723c751e8b465ee728b)  -> (artifact id: 'e7c67e6a2b9dae6035dbd9f2642430c5') in 0.131889 seconds 
  Import took 0.138540 seconds .

========================================================================
Received Import Request.
  Time since last request: 0.000278 seconds.
  path: Assets/Materials/walls 1.mat
  artifactKey: Guid(cbf3e1ba1f564a0448de60e718241a83) Importer(815301076,1909f56bfc062723c751e8b465ee728b)
Start importing Assets/Materials/walls 1.mat using Guid(cbf3e1ba1f564a0448de60e718241a83) Importer(815301076,1909f56bfc062723c751e8b465ee728b)  -> (artifact id: '24863aa1b7ed1c161d6abc4109616e55') in 0.024143 seconds 
  Import took 0.030377 seconds .

========================================================================
Received Import Request.
  Time since last request: 0.000279 seconds.
  path: Assets/Materials/walls.mat
  artifactKey: Guid(df96d208fd46abe4b814c9cd5b918575) Importer(815301076,1909f56bfc062723c751e8b465ee728b)
Start importing Assets/Materials/walls.mat using Guid(df96d208fd46abe4b814c9cd5b918575) Importer(815301076,1909f56bfc062723c751e8b465ee728b)  -> (artifact id: '98884d06be77bb96355140246ef53bd1') in 0.025351 seconds 
  Import took 0.032900 seconds .

========================================================================
Received Import Request.
  Time since last request: 0.000516 seconds.
  path: Assets/Materials/GroundType_Grass.mat
  artifactKey: Guid(b9862e6a6ad6bce4abe2cbea34bd3177) Importer(815301076,1909f56bfc062723c751e8b465ee728b)
Start importing Assets/Materials/GroundType_Grass.mat using Guid(b9862e6a6ad6bce4abe2cbea34bd3177) Importer(815301076,1909f56bfc062723c751e8b465ee728b)  -> (artifact id: 'b0b2f1a6e3e5cbbcbdcc49186403294e') in 0.025555 seconds 
  Import took 0.032498 seconds .

========================================================================
Received Import Request.
  Time since last request: 17.683145 seconds.
  path: Assets/Prefabs
  artifactKey: Guid(3690f69c9ae305040988f6f94df3250c) Importer(815301076,1909f56bfc062723c751e8b465ee728b)
Start importing Assets/Prefabs using Guid(3690f69c9ae305040988f6f94df3250c) Importer(815301076,1909f56bfc062723c751e8b465ee728b)  -> (artifact id: '9c94460f4f5d1de2a4ea15d53e248a5c') in 0.017065 seconds 
  Import took 0.022920 seconds .

========================================================================
Received Import Request.
  Time since last request: 0.047893 seconds.
  path: Assets/Prefabs/Guard.prefab
  artifactKey: Guid(62a94317a559a1d4da334992127c3823) Importer(815301076,1909f56bfc062723c751e8b465ee728b)
Start importing Assets/Prefabs/Guard.prefab using Guid(62a94317a559a1d4da334992127c3823) Importer(815301076,1909f56bfc062723c751e8b465ee728b)  -> (artifact id: 'c2a264436d1cdd5cd46c19cb7c341356') in 0.074881 seconds 
  Import took 0.081803 seconds .

========================================================================
Received Import Request.
  Time since last request: 6.506610 seconds.
  path: Assets/Tiles
  artifactKey: Guid(788ce85459d89e54483dcd707e8ac91b) Importer(815301076,1909f56bfc062723c751e8b465ee728b)
Start importing Assets/Tiles using Guid(788ce85459d89e54483dcd707e8ac91b) Importer(815301076,1909f56bfc062723c751e8b465ee728b)  -> (artifact id: '98e304774d13e41030de24d41adb517f') in 0.026606 seconds 
  Import took 0.034392 seconds .

========================================================================
Received Import Request.
  Time since last request: 0.046260 seconds.
  path: Assets/Tiles/Grass_Tile.prefab
  artifactKey: Guid(21492a770815e684daae93e8837ad4aa) Importer(815301076,1909f56bfc062723c751e8b465ee728b)
Start importing Assets/Tiles/Grass_Tile.prefab using Guid(21492a770815e684daae93e8837ad4aa) Importer(815301076,1909f56bfc062723c751e8b465ee728b)  -> (artifact id: '299c83068be64048a3e50b50dc2cabc8') in 0.026468 seconds 
  Import took 0.033656 seconds .

========================================================================
Received Import Request.
  Time since last request: 0.000291 seconds.
  path: Assets/Tiles/Main_Entrance_Tile.prefab
  artifactKey: Guid(825525d610e0a1440be74cae97cb2fa5) Importer(815301076,1909f56bfc062723c751e8b465ee728b)
Start importing Assets/Tiles/Main_Entrance_Tile.prefab using Guid(825525d610e0a1440be74cae97cb2fa5) Importer(815301076,1909f56bfc062723c751e8b465ee728b)  -> (artifact id: '26838bc8871d6e433f5905e6de0e66e1') in 0.033115 seconds 
  Import took 0.039022 seconds .

========================================================================
Received Import Request.
  Time since last request: 0.000303 seconds.
  path: Assets/Tiles/Path_Tile.prefab
  artifactKey: Guid(eaade790837515a40a8f26e154b7638e) Importer(815301076,1909f56bfc062723c751e8b465ee728b)
Start importing Assets/Tiles/Path_Tile.prefab using Guid(eaade790837515a40a8f26e154b7638e) Importer(815301076,1909f56bfc062723c751e8b465ee728b)  -> (artifact id: 'd8036906dd4187be14c200fcd060d3da') in 0.035166 seconds 
  Import took 0.041276 seconds .

========================================================================
Received Import Request.
  Time since last request: 0.000282 seconds.
  path: Assets/Tiles/Side_Entrance_Tile.prefab
  artifactKey: Guid(7a1f41dcc11634f4a88c1ac02a168892) Importer(815301076,1909f56bfc062723c751e8b465ee728b)
Start importing Assets/Tiles/Side_Entrance_Tile.prefab using Guid(7a1f41dcc11634f4a88c1ac02a168892) Importer(815301076,1909f56bfc062723c751e8b465ee728b)  -> (artifact id: '88aa0d1a83a5ae26738054efca5b79f7') in 0.025464 seconds 
  Import took 0.031918 seconds .

========================================================================
Received Import Request.
  Time since last request: 36.361540 seconds.
  path: Assets/Tiles/Path_Tile.prefab
  artifactKey: Guid(eaade790837515a40a8f26e154b7638e) Importer(815301076,1909f56bfc062723c751e8b465ee728b)
Start importing Assets/Tiles/Path_Tile.prefab using Guid(eaade790837515a40a8f26e154b7638e) Importer(815301076,1909f56bfc062723c751e8b465ee728b)  -> (artifact id: 'f2dad0e54754bf61739bd4038cdc172d') in 0.023803 seconds 
  Import took 0.031518 seconds .

========================================================================
Received Import Request.
  Time since last request: 13.430570 seconds.
  path: Assets/Tiles/Main_Entrance_Tile.prefab
  artifactKey: Guid(825525d610e0a1440be74cae97cb2fa5) Importer(815301076,1909f56bfc062723c751e8b465ee728b)
Start importing Assets/Tiles/Main_Entrance_Tile.prefab using Guid(825525d610e0a1440be74cae97cb2fa5) Importer(815301076,1909f56bfc062723c751e8b465ee728b)  -> (artifact id: 'a8a816abc93a074bb3b45bd8667a24ea') in 0.039231 seconds 
  Import took 0.045207 seconds .

========================================================================
Received Import Request.
  Time since last request: 10.893763 seconds.
  path: Assets/Tiles/Side_Entrance_Tile.prefab
  artifactKey: Guid(7a1f41dcc11634f4a88c1ac02a168892) Importer(815301076,1909f56bfc062723c751e8b465ee728b)
Start importing Assets/Tiles/Side_Entrance_Tile.prefab using Guid(7a1f41dcc11634f4a88c1ac02a168892) Importer(815301076,1909f56bfc062723c751e8b465ee728b)  -> (artifact id: '0e95810dbadb261b8a1f55be5e9d4bb3') in 0.045437 seconds 
  Import took 0.051041 seconds .

========================================================================
Received Prepare
Registering precompiled user dll's ...
Registered in 0.008434 seconds.
Begin MonoManager ReloadAssembly
Native extension for WindowsStandalone target not found
Refreshing native plugins compatible for Editor in 1.23 ms, found 2 plugins.
Preloading 0 native plugins for Editor in 0.00 ms.
Mono: successfully reloaded assembly
- Completed reload, in  2.369 seconds
Domain Reload Profiling:
	ReloadAssembly (2369ms)
		BeginReloadAssembly (270ms)
			ExecutionOrderSort (0ms)
			DisableScriptedObjects (14ms)
			BackupInstance (0ms)
			ReleaseScriptingObjects (0ms)
			CreateAndSetChildDomain (85ms)
		EndReloadAssembly (1950ms)
			LoadAssemblies (208ms)
			RebuildTransferFunctionScriptingTraits (0ms)
			SetupTypeCache (672ms)
			ReleaseScriptCaches (3ms)
			RebuildScriptCaches (92ms)
			SetupLoadedEditorAssemblies (655ms)
				LogAssemblyErrors (0ms)
				InitializePlatformSupportModulesInManaged (12ms)
				SetLoadedEditorAssemblies (1ms)
				RefreshPlugins (1ms)
				BeforeProcessingInitializeOnLoad (180ms)
				ProcessInitializeOnLoadAttributes (436ms)
				ProcessInitializeOnLoadMethodAttributes (10ms)
				AfterProcessingInitializeOnLoad (15ms)
				EditorAssembliesLoaded (1ms)
			ExecutionOrderSort2 (0ms)
			AwakeInstancesAfterBackupRestoration (38ms)
Platform modules already initialized, skipping
Refreshing native plugins compatible for Editor in 1.19 ms, found 2 plugins.
Preloading 0 native plugins for Editor in 0.00 ms.
Unloading 2614 Unused Serialized files (Serialized files now loaded: 0)
System memory in use before: 123.0 MB.
System memory in use after: 122.8 MB.

Unloading 16 unused Assets to reduce memory usage. Loaded Objects now: 3246.
Total: 8.836100 ms (FindLiveObjects: 0.690300 ms CreateObjectMapping: 0.469300 ms MarkObjects: 7.217000 ms  DeleteObjects: 0.456900 ms)

AssetImportParameters requested are different than current active one (requested -> active):
  custom:framework-win-MediaFoundation: 216162199b28c13a410421893ffa2e32 -> 
  custom:video-decoder-ogg-theora: a1e56fd34408186e4bbccfd4996cb3dc -> 
  custom:container-muxer-webm: aa71ff27fc2769a1b78a27578f13a17b -> 
  custom:container-demuxer-webm: 4f35f7cbe854078d1ac9338744f61a02 -> 
  custom:container-demuxer-ogg: 62fdf1f143b41e24485cea50d1cbac27 -> 
  custom:video-encoder-webm-vp8: eb34c28f22e8b96e1ab97ce403110664 -> 
  custom:video-decoder-webm-vp8: 9c59270c3fd7afecdb556c50c9e8de78 -> 
  custom:audio-decoder-ogg-vorbis: bf7c407c2cedff20999df2af8eb42d56 -> 
  custom:audio-encoder-webm-vorbis: bf7c407c2cedff20999df2af8eb42d56 -> 
========================================================================
Received Prepare
Registering precompiled user dll's ...
Registered in 0.006751 seconds.
Begin MonoManager ReloadAssembly
Native extension for WindowsStandalone target not found
Refreshing native plugins compatible for Editor in 0.85 ms, found 2 plugins.
Preloading 0 native plugins for Editor in 0.00 ms.
Mono: successfully reloaded assembly
- Completed reload, in  2.227 seconds
Domain Reload Profiling:
	ReloadAssembly (2227ms)
		BeginReloadAssembly (167ms)
			ExecutionOrderSort (0ms)
			DisableScriptedObjects (7ms)
			BackupInstance (0ms)
			ReleaseScriptingObjects (0ms)
			CreateAndSetChildDomain (51ms)
		EndReloadAssembly (1922ms)
			LoadAssemblies (178ms)
			RebuildTransferFunctionScriptingTraits (0ms)
			SetupTypeCache (651ms)
			ReleaseScriptCaches (2ms)
			RebuildScriptCaches (87ms)
			SetupLoadedEditorAssemblies (679ms)
				LogAssemblyErrors (0ms)
				InitializePlatformSupportModulesInManaged (10ms)
				SetLoadedEditorAssemblies (1ms)
				RefreshPlugins (1ms)
				BeforeProcessingInitializeOnLoad (187ms)
				ProcessInitializeOnLoadAttributes (457ms)
				ProcessInitializeOnLoadMethodAttributes (8ms)
				AfterProcessingInitializeOnLoad (14ms)
				EditorAssembliesLoaded (0ms)
			ExecutionOrderSort2 (0ms)
			AwakeInstancesAfterBackupRestoration (35ms)
Platform modules already initialized, skipping
Refreshing native plugins compatible for Editor in 1.15 ms, found 2 plugins.
Preloading 0 native plugins for Editor in 0.00 ms.
Unloading 2613 Unused Serialized files (Serialized files now loaded: 0)
System memory in use before: 122.9 MB.
System memory in use after: 122.7 MB.

Unloading 15 unused Assets to reduce memory usage. Loaded Objects now: 3248.
Total: 6.735200 ms (FindLiveObjects: 0.507200 ms CreateObjectMapping: 0.256800 ms MarkObjects: 5.513100 ms  DeleteObjects: 0.455600 ms)

AssetImportParameters requested are different than current active one (requested -> active):
  custom:framework-win-MediaFoundation: 216162199b28c13a410421893ffa2e32 -> 
  custom:video-decoder-ogg-theora: a1e56fd34408186e4bbccfd4996cb3dc -> 
  custom:container-muxer-webm: aa71ff27fc2769a1b78a27578f13a17b -> 
  custom:container-demuxer-webm: 4f35f7cbe854078d1ac9338744f61a02 -> 
  custom:container-demuxer-ogg: 62fdf1f143b41e24485cea50d1cbac27 -> 
  custom:video-encoder-webm-vp8: eb34c28f22e8b96e1ab97ce403110664 -> 
  custom:video-decoder-webm-vp8: 9c59270c3fd7afecdb556c50c9e8de78 -> 
  custom:audio-decoder-ogg-vorbis: bf7c407c2cedff20999df2af8eb42d56 -> 
  custom:audio-encoder-webm-vorbis: bf7c407c2cedff20999df2af8eb42d56 -> 
========================================================================
Received Prepare
Registering precompiled user dll's ...
Registered in 0.005163 seconds.
Begin MonoManager ReloadAssembly
Native extension for WindowsStandalone target not found
Refreshing native plugins compatible for Editor in 0.88 ms, found 2 plugins.
Preloading 0 native plugins for Editor in 0.00 ms.
Mono: successfully reloaded assembly
- Completed reload, in  2.192 seconds
Domain Reload Profiling:
	ReloadAssembly (2193ms)
		BeginReloadAssembly (160ms)
			ExecutionOrderSort (0ms)
			DisableScriptedObjects (7ms)
			BackupInstance (0ms)
			ReleaseScriptingObjects (0ms)
			CreateAndSetChildDomain (54ms)
		EndReloadAssembly (1908ms)
			LoadAssemblies (173ms)
			RebuildTransferFunctionScriptingTraits (0ms)
			SetupTypeCache (641ms)
			ReleaseScriptCaches (3ms)
			RebuildScriptCaches (93ms)
			SetupLoadedEditorAssemblies (653ms)
				LogAssemblyErrors (0ms)
				InitializePlatformSupportModulesInManaged (10ms)
				SetLoadedEditorAssemblies (1ms)
				RefreshPlugins (1ms)
				BeforeProcessingInitializeOnLoad (182ms)
				ProcessInitializeOnLoadAttributes (434ms)
				ProcessInitializeOnLoadMethodAttributes (9ms)
				AfterProcessingInitializeOnLoad (15ms)
				EditorAssembliesLoaded (1ms)
			ExecutionOrderSort2 (0ms)
			AwakeInstancesAfterBackupRestoration (38ms)
Platform modules already initialized, skipping
Refreshing native plugins compatible for Editor in 1.17 ms, found 2 plugins.
Preloading 0 native plugins for Editor in 0.00 ms.
Unloading 2613 Unused Serialized files (Serialized files now loaded: 0)
System memory in use before: 123.0 MB.
System memory in use after: 122.7 MB.

Unloading 15 unused Assets to reduce memory usage. Loaded Objects now: 3250.
Total: 8.790100 ms (FindLiveObjects: 0.637800 ms CreateObjectMapping: 0.153100 ms MarkObjects: 7.314700 ms  DeleteObjects: 0.681400 ms)

AssetImportParameters requested are different than current active one (requested -> active):
  custom:framework-win-MediaFoundation: 216162199b28c13a410421893ffa2e32 -> 
  custom:video-decoder-ogg-theora: a1e56fd34408186e4bbccfd4996cb3dc -> 
  custom:container-muxer-webm: aa71ff27fc2769a1b78a27578f13a17b -> 
  custom:container-demuxer-webm: 4f35f7cbe854078d1ac9338744f61a02 -> 
  custom:container-demuxer-ogg: 62fdf1f143b41e24485cea50d1cbac27 -> 
  custom:video-encoder-webm-vp8: eb34c28f22e8b96e1ab97ce403110664 -> 
  custom:video-decoder-webm-vp8: 9c59270c3fd7afecdb556c50c9e8de78 -> 
  custom:audio-decoder-ogg-vorbis: bf7c407c2cedff20999df2af8eb42d56 -> 
  custom:audio-encoder-webm-vorbis: bf7c407c2cedff20999df2af8eb42d56 -> 
========================================================================
Received Import Request.
  Time since last request: 147.458737 seconds.
  path: Assets/Scripts/DigSliderControl.cs
  artifactKey: Guid(43ba320083120db46a0fce93b4de3d05) Importer(815301076,1909f56bfc062723c751e8b465ee728b)
Start importing Assets/Scripts/DigSliderControl.cs using Guid(43ba320083120db46a0fce93b4de3d05) Importer(815301076,1909f56bfc062723c751e8b465ee728b)  -> (artifact id: '4f56d0ff70e3887b15f1e552ee9cb50a') in 0.019340 seconds 
  Import took 0.027705 seconds .

========================================================================
Received Prepare
Registering precompiled user dll's ...
Registered in 0.005363 seconds.
Begin MonoManager ReloadAssembly
Native extension for WindowsStandalone target not found
Refreshing native plugins compatible for Editor in 1.30 ms, found 2 plugins.
Preloading 0 native plugins for Editor in 0.00 ms.
Mono: successfully reloaded assembly
- Completed reload, in  2.281 seconds
Domain Reload Profiling:
	ReloadAssembly (2282ms)
		BeginReloadAssembly (168ms)
			ExecutionOrderSort (0ms)
			DisableScriptedObjects (8ms)
			BackupInstance (0ms)
			ReleaseScriptingObjects (0ms)
			CreateAndSetChildDomain (56ms)
		EndReloadAssembly (1968ms)
			LoadAssemblies (175ms)
			RebuildTransferFunctionScriptingTraits (0ms)
			SetupTypeCache (690ms)
			ReleaseScriptCaches (2ms)
			RebuildScriptCaches (92ms)
			SetupLoadedEditorAssemblies (663ms)
				LogAssemblyErrors (0ms)
				InitializePlatformSupportModulesInManaged (12ms)
				SetLoadedEditorAssemblies (1ms)
				RefreshPlugins (1ms)
				BeforeProcessingInitializeOnLoad (184ms)
				ProcessInitializeOnLoadAttributes (439ms)
				ProcessInitializeOnLoadMethodAttributes (10ms)
				AfterProcessingInitializeOnLoad (14ms)
				EditorAssembliesLoaded (1ms)
			ExecutionOrderSort2 (0ms)
			AwakeInstancesAfterBackupRestoration (43ms)
Platform modules already initialized, skipping
Refreshing native plugins compatible for Editor in 1.56 ms, found 2 plugins.
Preloading 0 native plugins for Editor in 0.00 ms.
Unloading 2613 Unused Serialized files (Serialized files now loaded: 0)
System memory in use before: 123.0 MB.
System memory in use after: 122.7 MB.

Unloading 15 unused Assets to reduce memory usage. Loaded Objects now: 3252.
Total: 9.378100 ms (FindLiveObjects: 0.841700 ms CreateObjectMapping: 0.256500 ms MarkObjects: 7.460600 ms  DeleteObjects: 0.816700 ms)

AssetImportParameters requested are different than current active one (requested -> active):
  custom:framework-win-MediaFoundation: 216162199b28c13a410421893ffa2e32 -> 
  custom:video-decoder-ogg-theora: a1e56fd34408186e4bbccfd4996cb3dc -> 
  custom:container-muxer-webm: aa71ff27fc2769a1b78a27578f13a17b -> 
  custom:container-demuxer-webm: 4f35f7cbe854078d1ac9338744f61a02 -> 
  custom:container-demuxer-ogg: 62fdf1f143b41e24485cea50d1cbac27 -> 
  custom:video-encoder-webm-vp8: eb34c28f22e8b96e1ab97ce403110664 -> 
  custom:video-decoder-webm-vp8: 9c59270c3fd7afecdb556c50c9e8de78 -> 
  custom:audio-decoder-ogg-vorbis: bf7c407c2cedff20999df2af8eb42d56 -> 
  custom:audio-encoder-webm-vorbis: bf7c407c2cedff20999df2af8eb42d56 -> 
========================================================================
Received Prepare
Registering precompiled user dll's ...
Registered in 0.005554 seconds.
Begin MonoManager ReloadAssembly
Native extension for WindowsStandalone target not found
Refreshing native plugins compatible for Editor in 0.69 ms, found 2 plugins.
Preloading 0 native plugins for Editor in 0.00 ms.
Mono: successfully reloaded assembly
- Completed reload, in  1.713 seconds
Domain Reload Profiling:
	ReloadAssembly (1714ms)
		BeginReloadAssembly (193ms)
			ExecutionOrderSort (0ms)
			DisableScriptedObjects (8ms)
			BackupInstance (0ms)
			ReleaseScriptingObjects (0ms)
			CreateAndSetChildDomain (71ms)
		EndReloadAssembly (1409ms)
			LoadAssemblies (149ms)
			RebuildTransferFunctionScriptingTraits (0ms)
			SetupTypeCache (600ms)
			ReleaseScriptCaches (2ms)
			RebuildScriptCaches (57ms)
			SetupLoadedEditorAssemblies (412ms)
				LogAssemblyErrors (0ms)
				InitializePlatformSupportModulesInManaged (6ms)
				SetLoadedEditorAssemblies (1ms)
				RefreshPlugins (1ms)
				BeforeProcessingInitializeOnLoad (112ms)
				ProcessInitializeOnLoadAttributes (278ms)
				ProcessInitializeOnLoadMethodAttributes (5ms)
				AfterProcessingInitializeOnLoad (10ms)
				EditorAssembliesLoaded (0ms)
			ExecutionOrderSort2 (0ms)
			AwakeInstancesAfterBackupRestoration (23ms)
Platform modules already initialized, skipping
Refreshing native plugins compatible for Editor in 0.70 ms, found 2 plugins.
Preloading 0 native plugins for Editor in 0.00 ms.
Unloading 2613 Unused Serialized files (Serialized files now loaded: 0)
System memory in use before: 123.0 MB.
System memory in use after: 122.7 MB.

Unloading 15 unused Assets to reduce memory usage. Loaded Objects now: 3254.
Total: 5.434200 ms (FindLiveObjects: 0.520500 ms CreateObjectMapping: 0.154900 ms MarkObjects: 4.319700 ms  DeleteObjects: 0.435900 ms)

AssetImportParameters requested are different than current active one (requested -> active):
  custom:framework-win-MediaFoundation: 216162199b28c13a410421893ffa2e32 -> 
  custom:video-decoder-ogg-theora: a1e56fd34408186e4bbccfd4996cb3dc -> 
  custom:container-muxer-webm: aa71ff27fc2769a1b78a27578f13a17b -> 
  custom:container-demuxer-webm: 4f35f7cbe854078d1ac9338744f61a02 -> 
  custom:container-demuxer-ogg: 62fdf1f143b41e24485cea50d1cbac27 -> 
  custom:video-encoder-webm-vp8: eb34c28f22e8b96e1ab97ce403110664 -> 
  custom:video-decoder-webm-vp8: 9c59270c3fd7afecdb556c50c9e8de78 -> 
  custom:audio-decoder-ogg-vorbis: bf7c407c2cedff20999df2af8eb42d56 -> 
  custom:audio-encoder-webm-vorbis: bf7c407c2cedff20999df2af8eb42d56 -> 
AssetImportWorkerClient::OnTransportError - code=2 error=End of file
